<?xml version="1.0" encoding="UTF-8"?>
<testsuite name="co.com.doublev.manualtests.runners.LowPrices" tests="0" skipped="0" failures="0" errors="0" timestamp="1970-01-01T00:00:00" hostname="LAPTOP-MUKU1ITQ" time="0.0">
  <properties/>
  <system-out><![CDATA[
?[31mFailed scenarios:?[0m
file:///C:/Users/Villonta/Retos/RetoDoubleV/DoubleV_Manual/DoubleV_Manual/src/test/resources/features/lowprices.feature:6 # I as a user wish to make a flight reservation

1 Scenarios (?[31m1 failed?[0m)
3 Steps (?[31m1 failed?[0m, ?[32m2 passed?[0m)
0m21,144s


java.lang.AssertionError: expected:<1> but was:<0>
	at org.junit.Assert.fail(Assert.java:89)
	at org.junit.Assert.failNotEquals(Assert.java:835)
	at org.junit.Assert.assertEquals(Assert.java:647)
	at co.com.doublev.manualtest.utils.ManualTest.validate(ManualTest.java:22)
	at co.com.doublev.manualtests.stepdefinitions.ManualTestsStepDefinitions.scenario(ManualTestsStepDefinitions.java:20)
	at ?.the user validates if the return ticket is from another month(file:///C:/Users/Villonta/Retos/RetoDoubleV/DoubleV_Manual/DoubleV_Manual/src/test/resources/features/lowprices.feature:9)


]]></system-out>
  <system-err><![CDATA[[Test worker] INFO  - 

-------------------------------------------------------------------------------------
     _______. _______ .______       _______ .__   __.  __  .___________.____    ____ 
    /       ||   ____||   _  \     |   ____||  \ |  | |  | |           |\   \  /   / 
   |   (----`|  |__   |  |_)  |    |  |__   |   \|  | |  | `---|  |----` \   \/   /  
    \   \    |   __|  |      /     |   __|  |  . `  | |  |     |  |       \_    _/   
.----)   |   |  |____ |  |\  \----.|  |____ |  |\   | |  |     |  |         |  |     
|_______/    |_______|| _| `._____||_______||__| \__| |__|     |__|         |__|    
                                                                                     
 News and tutorials at http://www.serenity-bdd.info                                  
 Documentation at https://wakaleo.gitbooks.io/the-serenity-book/content/             
 Join the Serenity Community on Gitter: https://gitter.im/serenity-bdd/serenity-core 
 Serenity BDD Support and Training at http://serenity-bdd.info/#/trainingandsupport  
-------------------------------------------------------------------------------------

[Test worker] INFO  - Test Suite Started: As a user I want to make a flight reservation
]]></system-err>
</testsuite>
